0 info it worked if it ends with ok
1 verbose cli [ '/usr/local/bin/node',
1 verbose cli   '/usr/local/bin/npm',
1 verbose cli   'install',
1 verbose cli   'ngRoute' ]
2 info using npm@2.14.4
3 info using node@v4.1.1
4 verbose install initial load of /Users/student/projects/Final/package.json
5 warn package.json final@1.0.0 No description
6 warn package.json final@1.0.0 No repository field.
7 warn package.json final@1.0.0 No README data
8 verbose installManyTop reading scoped package data from /Users/student/projects/Final/node_modules/angular-chart.js/package.json
9 verbose installManyTop reading scoped package data from /Users/student/projects/Final/node_modules/bcryptjs/package.json
10 verbose installManyTop reading scoped package data from /Users/student/projects/Final/node_modules/body-parser/package.json
11 verbose installManyTop reading scoped package data from /Users/student/projects/Final/node_modules/connect-flash/package.json
12 verbose installManyTop reading scoped package data from /Users/student/projects/Final/node_modules/cookie-parser/package.json
13 verbose installManyTop reading scoped package data from /Users/student/projects/Final/node_modules/express/package.json
14 verbose installManyTop reading scoped package data from /Users/student/projects/Final/node_modules/express-session/package.json
15 verbose installManyTop reading scoped package data from /Users/student/projects/Final/node_modules/mongoose/package.json
16 verbose installManyTop reading scoped package data from /Users/student/projects/Final/node_modules/passport/package.json
17 verbose installManyTop reading scoped package data from /Users/student/projects/Final/node_modules/passport-facebook/package.json
18 verbose installManyTop reading scoped package data from /Users/student/projects/Final/node_modules/passport-local/package.json
19 verbose installManyTop reading scoped package data from /Users/student/projects/Final/node_modules/sendgrid/package.json
20 verbose readDependencies loading dependencies from /Users/student/projects/Final/package.json
21 silly cache add args [ 'ngRoute', null ]
22 verbose cache add spec ngRoute
23 silly cache add parsed spec Result {
23 silly cache add   raw: 'ngRoute',
23 silly cache add   scope: null,
23 silly cache add   name: 'ngRoute',
23 silly cache add   rawSpec: '',
23 silly cache add   spec: '*',
23 silly cache add   type: 'range' }
24 silly addNamed ngRoute@*
25 verbose addNamed "*" is a valid semver range for ngRoute
26 silly addNameRange { name: 'ngRoute', range: '*', hasData: false }
27 silly mapToRegistry name ngRoute
28 silly mapToRegistry using default registry
29 silly mapToRegistry registry https://registry.npmjs.org/
30 silly mapToRegistry uri https://registry.npmjs.org/ngRoute
31 verbose addNameRange registry:https://registry.npmjs.org/ngRoute not in flight; fetching
32 verbose request uri https://registry.npmjs.org/ngRoute
33 verbose request no auth needed
34 info attempt registry request try #1 at 4:30:14 PM
35 verbose request id 49d53039558eef1a
36 http request GET https://registry.npmjs.org/ngRoute
37 http 404 https://registry.npmjs.org/ngRoute
38 verbose headers { 'content-type': 'application/json',
38 verbose headers   'cache-control': 'max-age=0',
38 verbose headers   'content-length': '2',
38 verbose headers   'accept-ranges': 'bytes',
38 verbose headers   date: 'Mon, 02 Nov 2015 23:30:15 GMT',
38 verbose headers   via: '1.1 varnish',
38 verbose headers   age: '0',
38 verbose headers   connection: 'keep-alive',
38 verbose headers   'x-served-by': 'cache-lax1423-LAX',
38 verbose headers   'x-cache': 'MISS',
38 verbose headers   'x-cache-hits': '0',
38 verbose headers   'x-timer': 'S1446507015.087409,VS0,VE49' }
39 silly get cb [ 404,
39 silly get   { 'content-type': 'application/json',
39 silly get     'cache-control': 'max-age=0',
39 silly get     'content-length': '2',
39 silly get     'accept-ranges': 'bytes',
39 silly get     date: 'Mon, 02 Nov 2015 23:30:15 GMT',
39 silly get     via: '1.1 varnish',
39 silly get     age: '0',
39 silly get     connection: 'keep-alive',
39 silly get     'x-served-by': 'cache-lax1423-LAX',
39 silly get     'x-cache': 'MISS',
39 silly get     'x-cache-hits': '0',
39 silly get     'x-timer': 'S1446507015.087409,VS0,VE49' } ]
40 verbose stack Error: Registry returned 404 for GET on https://registry.npmjs.org/ngRoute
40 verbose stack     at makeError (/usr/local/lib/node_modules/npm/node_modules/npm-registry-client/lib/request.js:263:12)
40 verbose stack     at CachingRegistryClient.<anonymous> (/usr/local/lib/node_modules/npm/node_modules/npm-registry-client/lib/request.js:241:14)
40 verbose stack     at Request._callback (/usr/local/lib/node_modules/npm/node_modules/npm-registry-client/lib/request.js:171:14)
40 verbose stack     at Request.self.callback (/usr/local/lib/node_modules/npm/node_modules/request/request.js:198:22)
40 verbose stack     at emitTwo (events.js:87:13)
40 verbose stack     at Request.emit (events.js:172:7)
40 verbose stack     at Request.<anonymous> (/usr/local/lib/node_modules/npm/node_modules/request/request.js:1073:14)
40 verbose stack     at emitOne (events.js:82:20)
40 verbose stack     at Request.emit (events.js:169:7)
40 verbose stack     at IncomingMessage.<anonymous> (/usr/local/lib/node_modules/npm/node_modules/request/request.js:1019:12)
41 verbose statusCode 404
42 verbose pkgid ngRoute
43 verbose cwd /Users/student/projects/Final
44 error Darwin 14.5.0
45 error argv "/usr/local/bin/node" "/usr/local/bin/npm" "install" "ngRoute"
46 error node v4.1.1
47 error npm  v2.14.4
48 error code E404
49 error 404 Registry returned 404 for GET on https://registry.npmjs.org/ngRoute
49 error 404
49 error 404 'ngRoute' is not in the npm registry.
49 error 404 Your package name is not valid, because
49 error 404
49 error 404  1. name can no longer contain capital letters
49 error 404 It was specified as a dependency of 'final'
49 error 404
49 error 404 Note that you can also install from a
49 error 404 tarball, folder, http url, or git url.
50 verbose exit [ 1, true ]
